# JRE version: OpenJDK Runtime Environment Temurin-17+35 (17.0+35) (build 17+35)
# Java VM: OpenJDK 64-Bit Server VM Temurin-17+35 (17+35, mixed mode, emulated-client, tiered, compressed oops, compressed class ptrs, g1 gc, windows-amd64)
GC Precious Log:
 CPUs: 4 total, 4 available
 Memory: 8067M
 Large Page Support: Disabled
 NUMA Support: Disabled
 Compressed Oops: Enabled (32-bit)
 Heap Region Size: 1M
 Heap Min Capacity: 8M
 Heap Initial Capacity: 128M
 Heap Max Capacity: 2018M
 Pre-touch: Disabled
 Parallel Workers: 4
 Concurrent Workers: 1
 Concurrent Refinement Workers: 4
 Periodic GC: Disabled
Heap:
 garbage-first heap   total 99328K, used 33829K [0x0000000081e00000, 0x0000000100000000)
  region size 1024K, 1 young (1024K), 1 survivors (1024K)
 Metaspace       used 73474K, committed 74048K, reserved 1114112K
  class space    used 9942K, committed 10240K, reserved 1048576K
GC Heap History (20 events):
Event: 6586.155 GC heap after
{Heap after GC invocations=30 (full 0):
 garbage-first heap   total 99328K, used 33896K [0x0000000081e00000, 0x0000000100000000)
  region size 1024K, 4 young (4096K), 4 survivors (4096K)
 Metaspace       used 73472K, committed 74048K, reserved 1114112K
  class space    used 9942K, committed 10240K, reserved 1048576K
}
Event: 6587.303 GC heap before
{Heap before GC invocations=30 (full 0):
 garbage-first heap   total 99328K, used 84072K [0x0000000081e00000, 0x0000000100000000)
  region size 1024K, 53 young (54272K), 4 survivors (4096K)
 Metaspace       used 73472K, committed 74048K, reserved 1114112K
  class space    used 9942K, committed 10240K, reserved 1048576K
}
Event: 6587.325 GC heap after
{Heap after GC invocations=31 (full 0):
 garbage-first heap   total 99328K, used 33894K [0x0000000081e00000, 0x0000000100000000)
  region size 1024K, 4 young (4096K), 4 survivors (4096K)
 Metaspace       used 73472K, committed 74048K, reserved 1114112K
  class space    used 9942K, committed 10240K, reserved 1048576K
}
Event: 6589.198 GC heap before
{Heap before GC invocations=31 (full 0):
 garbage-first heap   total 99328K, used 84070K [0x0000000081e00000, 0x0000000100000000)
  region size 1024K, 53 young (54272K), 4 survivors (4096K)
 Metaspace       used 73472K, committed 74048K, reserved 1114112K
  class space    used 9942K, committed 10240K, reserved 1048576K
}
Event: 6589.201 GC heap after
{Heap after GC invocations=32 (full 0):
 garbage-first heap   total 99328K, used 34056K [0x0000000081e00000, 0x0000000100000000)
  region size 1024K, 4 young (4096K), 4 survivors (4096K)
 Metaspace       used 73472K, committed 74048K, reserved 1114112K
  class space    used 9942K, committed 10240K, reserved 1048576K
}
Event: 6590.671 GC heap before
{Heap before GC invocations=32 (full 0):
 garbage-first heap   total 99328K, used 84232K [0x0000000081e00000, 0x0000000100000000)
  region size 1024K, 53 young (54272K), 4 survivors (4096K)
 Metaspace       used 73472K, committed 74048K, reserved 1114112K
  class space    used 9942K, committed 10240K, reserved 1048576K
}
Event: 6590.674 GC heap after
{Heap after GC invocations=33 (full 0):
 garbage-first heap   total 99328K, used 34056K [0x0000000081e00000, 0x0000000100000000)
  region size 1024K, 4 young (4096K), 4 survivors (4096K)
 Metaspace       used 73472K, committed 74048K, reserved 1114112K
  class space    used 9942K, committed 10240K, reserved 1048576K
}
Event: 6592.718 GC heap before
{Heap before GC invocations=33 (full 0):
 garbage-first heap   total 99328K, used 84232K [0x0000000081e00000, 0x0000000100000000)
  region size 1024K, 53 young (54272K), 4 survivors (4096K)
 Metaspace       used 73472K, committed 74048K, reserved 1114112K
  class space    used 9942K, committed 10240K, reserved 1048576K
}
Event: 6592.764 GC heap after
{Heap after GC invocations=34 (full 0):
 garbage-first heap   total 99328K, used 34217K [0x0000000081e00000, 0x0000000100000000)
  region size 1024K, 4 young (4096K), 4 survivors (4096K)
 Metaspace       used 73472K, committed 74048K, reserved 1114112K
  class space    used 9942K, committed 10240K, reserved 1048576K
}
Event: 6595.173 GC heap before
{Heap before GC invocations=34 (full 0):
 garbage-first heap   total 99328K, used 84393K [0x0000000081e00000, 0x0000000100000000)
  region size 1024K, 53 young (54272K), 4 survivors (4096K)
 Metaspace       used 73474K, committed 74048K, reserved 1114112K
  class space    used 9942K, committed 10240K, reserved 1048576K
}
Event: 6595.175 GC heap after
{Heap after GC invocations=35 (full 0):
 garbage-first heap   total 99328K, used 33892K [0x0000000081e00000, 0x0000000100000000)
  region size 1024K, 4 young (4096K), 4 survivors (4096K)
 Metaspace       used 73474K, committed 74048K, reserved 1114112K
  class space    used 9942K, committed 10240K, reserved 1048576K
}
Event: 6597.575 GC heap before
{Heap before GC invocations=35 (full 0):
 garbage-first heap   total 99328K, used 84068K [0x0000000081e00000, 0x0000000100000000)
  region size 1024K, 53 young (54272K), 4 survivors (4096K)
 Metaspace       used 73474K, committed 74048K, reserved 1114112K
  class space    used 9942K, committed 10240K, reserved 1048576K
}
Event: 6597.611 GC heap after
{Heap after GC invocations=36 (full 0):
 garbage-first heap   total 99328K, used 33890K [0x0000000081e00000, 0x0000000100000000)
  region size 1024K, 4 young (4096K), 4 survivors (4096K)
 Metaspace       used 73474K, committed 74048K, reserved 1114112K
  class space    used 9942K, committed 10240K, reserved 1048576K
}
Event: 6599.702 GC heap before
{Heap before GC invocations=36 (full 0):
 garbage-first heap   total 99328K, used 84066K [0x0000000081e00000, 0x0000000100000000)
  region size 1024K, 53 young (54272K), 4 survivors (4096K)
 Metaspace       used 73474K, committed 74048K, reserved 1114112K
  class space    used 9942K, committed 10240K, reserved 1048576K
}
Event: 6599.731 GC heap after
{Heap after GC invocations=37 (full 0):
 garbage-first heap   total 99328K, used 33950K [0x0000000081e00000, 0x0000000100000000)
  region size 1024K, 4 young (4096K), 4 survivors (4096K)
 Metaspace       used 73474K, committed 74048K, reserved 1114112K
  class space    used 9942K, committed 10240K, reserved 1048576K
}
Event: 6602.562 GC heap before
{Heap before GC invocations=37 (full 0):
 garbage-first heap   total 99328K, used 84126K [0x0000000081e00000, 0x0000000100000000)
  region size 1024K, 53 young (54272K), 4 survivors (4096K)
 Metaspace       used 73474K, committed 74048K, reserved 1114112K
  class space    used 9942K, committed 10240K, reserved 1048576K
}
Event: 6603.197 GC heap after
{Heap after GC invocations=38 (full 0):
 garbage-first heap   total 99328K, used 33952K [0x0000000081e00000, 0x0000000100000000)
  region size 1024K, 2 young (2048K), 2 survivors (2048K)
 Metaspace       used 73474K, committed 74048K, reserved 1114112K
  class space    used 9942K, committed 10240K, reserved 1048576K
}
Event: 6607.287 GC heap before
{Heap before GC invocations=38 (full 0):
 garbage-first heap   total 99328K, used 86176K [0x0000000081e00000, 0x0000000100000000)
  region size 1024K, 53 young (54272K), 2 survivors (2048K)
 Metaspace       used 73474K, committed 74048K, reserved 1114112K
  class space    used 9942K, committed 10240K, reserved 1048576K
}
Event: 6607.510 GC heap after
{Heap after GC invocations=39 (full 0):
 garbage-first heap   total 99328K, used 33883K [0x0000000081e00000, 0x0000000100000000)
  region size 1024K, 1 young (1024K), 1 survivors (1024K)
 Metaspace       used 73474K, committed 74048K, reserved 1114112K
  class space    used 9942K, committed 10240K, reserved 1048576K
}
Event: 6608.205 GC heap before
{Heap before GC invocations=39 (full 0):
 garbage-first heap   total 99328K, used 87131K [0x0000000081e00000, 0x0000000100000000)
  region size 1024K, 53 young (54272K), 1 survivors (1024K)
 Metaspace       used 73474K, committed 74048K, reserved 1114112K
  class space    used 9942K, committed 10240K, reserved 1048576K
}

